{
  "stats": {
    "suites": 1,
    "tests": 6,
    "passes": 6,
    "pending": 0,
    "failures": 0,
    "start": "2020-11-20T09:06:40.707Z",
    "end": "2020-11-20T09:06:46.595Z",
    "duration": 5888,
    "testsRegistered": 6,
    "passPercent": 100,
    "pendingPercent": 0,
    "other": 0,
    "hasOther": false,
    "skipped": 0,
    "hasSkipped": false
  },
  "results": [
    {
      "uuid": "9cfc769a-3b03-4b8f-ab52-37e15a38591e",
      "title": "",
      "fullFile": "cypress\\integration\\backend-tests-clean.spec.js",
      "file": "cypress\\integration\\backend-tests-clean.spec.js",
      "beforeHooks": [],
      "afterHooks": [],
      "tests": [],
      "suites": [
        {
          "uuid": "922fc2f9-50dd-4d32-90be-5e3d5bea377b",
          "title": "Test Suite Backend Clean Code",
          "fullFile": "",
          "file": "",
          "beforeHooks": [],
          "afterHooks": [],
          "tests": [
            {
              "title": "Test case 1a-create new bill",
              "fullTitle": "Test Suite Backend Clean Code Test case 1a-create new bill",
              "timedOut": null,
              "duration": 2104,
              "state": "passed",
              "speed": "slow",
              "pass": true,
              "fail": false,
              "pending": false,
              "context": null,
              "code": "billHelpers.createBill(cy);\ncy.logout();",
              "err": {},
              "uuid": "456438b3-b79b-4d4c-ad56-b291979ee0b5",
              "parentUUID": "922fc2f9-50dd-4d32-90be-5e3d5bea377b",
              "isHook": false,
              "skipped": false
            },
            {
              "title": "Test Case 1b- Get bills and edit Last",
              "fullTitle": "Test Suite Backend Clean Code Test Case 1b- Get bills and edit Last",
              "timedOut": null,
              "duration": 742,
              "state": "passed",
              "speed": "slow",
              "pass": true,
              "fail": false,
              "pending": false,
              "context": null,
              "code": "billHelpers.getAllBillsAndEditLast(cy);\ncy.logout();",
              "err": {},
              "uuid": "4e20b08e-9d94-42ec-ac45-0fc4e1e11b68",
              "parentUUID": "922fc2f9-50dd-4d32-90be-5e3d5bea377b",
              "isHook": false,
              "skipped": false
            },
            {
              "title": "Testcase 2- Create and Delete Reservation",
              "fullTitle": "Test Suite Backend Clean Code Testcase 2- Create and Delete Reservation",
              "timedOut": null,
              "duration": 849,
              "state": "passed",
              "speed": "slow",
              "pass": true,
              "fail": false,
              "pending": false,
              "context": null,
              "code": "reservationHelpers.createAndDeleteReservation(cy);\ncy.logout();",
              "err": {},
              "uuid": "7726a861-b769-434f-b4be-117e52eac638",
              "parentUUID": "922fc2f9-50dd-4d32-90be-5e3d5bea377b",
              "isHook": false,
              "skipped": false
            },
            {
              "title": "not a test",
              "fullTitle": "Test Suite Backend Clean Code not a test",
              "timedOut": null,
              "duration": 690,
              "state": "passed",
              "speed": "slow",
              "pass": true,
              "fail": false,
              "pending": false,
              "context": null,
              "code": "// cy.log(JSON.stringify(roomHelpers.createRandomRoomPayload(cy)))\nroomHelpers.createRoom(cy);",
              "err": {},
              "uuid": "4f541f87-a3a2-40bb-a21a-1fa5a9baeaac",
              "parentUUID": "922fc2f9-50dd-4d32-90be-5e3d5bea377b",
              "isHook": false,
              "skipped": false
            },
            {
              "title": "Testcase 3- Create and Edit Room",
              "fullTitle": "Test Suite Backend Clean Code Testcase 3- Create and Edit Room",
              "timedOut": null,
              "duration": 720,
              "state": "passed",
              "speed": "slow",
              "pass": true,
              "fail": false,
              "pending": false,
              "context": null,
              "code": "roomHelpers.createAndEditRoom(cy);\ncy.logout();",
              "err": {},
              "uuid": "d4368a6a-3812-42af-a962-4235c5f44033",
              "parentUUID": "922fc2f9-50dd-4d32-90be-5e3d5bea377b",
              "isHook": false,
              "skipped": false
            },
            {
              "title": "Testcase 4- Create and Delete Room",
              "fullTitle": "Test Suite Backend Clean Code Testcase 4- Create and Delete Room",
              "timedOut": null,
              "duration": 673,
              "state": "passed",
              "speed": "slow",
              "pass": true,
              "fail": false,
              "pending": false,
              "context": null,
              "code": "roomHelpers.createAndDeleteRoom(cy);\ncy.logout();",
              "err": {},
              "uuid": "d4e84e4a-73e5-4ef3-9698-075ca365e74f",
              "parentUUID": "922fc2f9-50dd-4d32-90be-5e3d5bea377b",
              "isHook": false,
              "skipped": false
            }
          ],
          "suites": [],
          "passes": [
            "456438b3-b79b-4d4c-ad56-b291979ee0b5",
            "4e20b08e-9d94-42ec-ac45-0fc4e1e11b68",
            "7726a861-b769-434f-b4be-117e52eac638",
            "4f541f87-a3a2-40bb-a21a-1fa5a9baeaac",
            "d4368a6a-3812-42af-a962-4235c5f44033",
            "d4e84e4a-73e5-4ef3-9698-075ca365e74f"
          ],
          "failures": [],
          "pending": [],
          "skipped": [],
          "duration": 5778,
          "root": false,
          "rootEmpty": false,
          "_timeout": 2000
        }
      ],
      "passes": [],
      "failures": [],
      "pending": [],
      "skipped": [],
      "duration": 0,
      "root": true,
      "rootEmpty": true,
      "_timeout": 2000
    }
  ],
  "meta": {
    "mocha": {
      "version": "7.0.1"
    },
    "mochawesome": {
      "options": {
        "quiet": false,
        "reportFilename": "mochawesome",
        "saveHtml": true,
        "saveJson": true,
        "consoleReporter": "spec",
        "useInlineDiffs": false,
        "code": true
      },
      "version": "6.2.1"
    },
    "marge": {
      "options": null,
      "version": "5.1.0"
    }
  }
}